<?xml version="1.0" encoding="UTF-8"?>
<testsuite xmlns:xsi="http://www.w3.org/2001/XMLSchema-instance" xsi:noNamespaceSchemaLocation="https://maven.apache.org/surefire/maven-surefire-plugin/xsd/surefire-test-report.xsd" version="3.0.2" name="com.dashboard_gk.dashboard_gk.DashboardGKApplicationTests" time="5.606" tests="1" errors="0" skipped="0" failures="0">
  <properties>
[...]
</properties>
  <testcase name="contextLoads" classname="com.dashboard_gk.dashboard_gk.DashboardGKApplicationTests" time="0.693">
    <system-out><![CDATA[11:31:42.226 [main] INFO org.springframework.test.context.support.AnnotationConfigContextLoaderUtils -- Could not detect default configuration classes for test class [com.dashboard_gk.dashboard_gk.DashboardGKApplicationTests]: DashboardGKApplicationTests does not declare any static, non-private, non-final, nested classes annotated with @Configuration.
11:31:42.340 [main] INFO org.springframework.boot.test.context.SpringBootTestContextBootstrapper -- Found @SpringBootConfiguration com.dashboard_gk.dashboard_gk.DashboardGKApplication for test class com.dashboard_gk.dashboard_gk.DashboardGKApplicationTests
11:31:42.515 [main] INFO org.springframework.boot.devtools.restart.RestartApplicationListener -- Restart disabled due to context in which it is running

  .   ____          _            __ _ _
 /\\ / ___'_ __ _ _(_)_ __  __ _ \ \ \ \
( ( )\___ | '_ | '_| | '_ \/ _` | \ \ \ \
 \\/  ___)| |_)| | | | | || (_| |  ) ) ) )
  '  |____| .__|_| |_|_| |_\__, | / / / /
 =========|_|==============|___/=/_/_/_/

 :: Spring Boot ::                (v3.5.0)

2025-09-10T11:31:42.814-05:00  INFO 29868 --- [dashboard_gk] [           main] c.d.d.DashboardGKApplicationTests        : Starting DashboardGKApplicationTests using Java 17.0.16 with PID 29868 (started by GabrielSalazarLozada in C:\Users\GabrielSalazarLozada\Documents\Gabriel Salazar Lozada\Proyectos\Dashboard GK\Dashboard_Back_end)
2025-09-10T11:31:42.815-05:00  INFO 29868 --- [dashboard_gk] [           main] c.d.d.DashboardGKApplicationTests        : No active profile set, falling back to 1 default profile: "default"
2025-09-10T11:31:43.634-05:00  INFO 29868 --- [dashboard_gk] [           main] .s.d.r.c.RepositoryConfigurationDelegate : Bootstrapping Spring Data MongoDB repositories in DEFAULT mode.
2025-09-10T11:31:43.773-05:00  INFO 29868 --- [dashboard_gk] [           main] .s.d.r.c.RepositoryConfigurationDelegate : Finished Spring Data repository scanning in 130 ms. Found 4 MongoDB repository interfaces.
2025-09-10T11:31:44.593-05:00  INFO 29868 --- [dashboard_gk] [           main] org.mongodb.driver.client                : MongoClient with metadata {"driver": {"name": "mongo-java-driver|sync|spring-boot", "version": "5.4.0"}, "os": {"type": "Windows", "name": "Windows 11", "architecture": "amd64", "version": "10.0"}, "platform": "Java/Amazon.com Inc./17.0.16+8-LTS"} created with settings MongoClientSettings{readPreference=primary, writeConcern=WriteConcern{w=null, wTimeout=null ms, journal=null}, retryWrites=true, retryReads=true, readConcern=ReadConcern{level=null}, credential=MongoCredential{mechanism=null, userName='Gabriel2514', source='admin', password=<hidden>, mechanismProperties=<hidden>}, transportSettings=null, commandListeners=[], codecRegistry=ProvidersCodecRegistry{codecProviders=[ValueCodecProvider{}, BsonValueCodecProvider{}, DBRefCodecProvider{}, DBObjectCodecProvider{}, DocumentCodecProvider{}, CollectionCodecProvider{}, IterableCodecProvider{}, MapCodecProvider{}, GeoJsonCodecProvider{}, GridFSFileCodecProvider{}, Jsr310CodecProvider{}, JsonObjectCodecProvider{}, BsonCodecProvider{}, EnumCodecProvider{}, com.mongodb.client.model.mql.ExpressionCodecProvider@bb3ecfe, com.mongodb.Jep395RecordCodecProvider@5ec88f9e, com.mongodb.KotlinCodecProvider@7a04f730]}, loggerSettings=LoggerSettings{maxDocumentLength=1000}, clusterSettings={hosts=[127.0.0.1:27017], srvHost=cluster0.0mxktmv.mongodb.net, srvServiceName=mongodb, mode=MULTIPLE, requiredClusterType=REPLICA_SET, requiredReplicaSetName='atlas-118zri-shard-0', serverSelector='null', clusterListeners='[]', serverSelectionTimeout='30000 ms', localThreshold='15 ms'}, socketSettings=SocketSettings{connectTimeoutMS=10000, readTimeoutMS=0, receiveBufferSize=0, proxySettings=ProxySettings{host=null, port=null, username=null, password=null}}, heartbeatSocketSettings=SocketSettings{connectTimeoutMS=10000, readTimeoutMS=10000, receiveBufferSize=0, proxySettings=ProxySettings{host=null, port=null, username=null, password=null}}, connectionPoolSettings=ConnectionPoolSettings{maxSize=100, minSize=0, maxWaitTimeMS=120000, maxConnectionLifeTimeMS=0, maxConnectionIdleTimeMS=0, maintenanceInitialDelayMS=0, maintenanceFrequencyMS=60000, connectionPoolListeners=[], maxConnecting=2}, serverSettings=ServerSettings{heartbeatFrequencyMS=10000, minHeartbeatFrequencyMS=500, serverMonitoringMode=AUTO, serverListeners='[]', serverMonitorListeners='[]'}, sslSettings=SslSettings{enabled=true, invalidHostNameAllowed=false, context=null}, applicationName='null', compressorList=[], uuidRepresentation=JAVA_LEGACY, serverApi=null, autoEncryptionSettings=null, dnsClient=null, inetAddressResolver=null, contextProvider=null, timeoutMS=null}
2025-09-10T11:31:44.635-05:00  INFO 29868 --- [dashboard_gk] [tmv.mongodb.net] org.mongodb.driver.cluster               : Adding discovered server ac-4kmnrgp-shard-00-02.0mxktmv.mongodb.net:27017 to client view of cluster
2025-09-10T11:31:44.666-05:00  INFO 29868 --- [dashboard_gk] [tmv.mongodb.net] org.mongodb.driver.cluster               : Adding discovered server ac-4kmnrgp-shard-00-01.0mxktmv.mongodb.net:27017 to client view of cluster
2025-09-10T11:31:44.668-05:00  INFO 29868 --- [dashboard_gk] [tmv.mongodb.net] org.mongodb.driver.cluster               : Adding discovered server ac-4kmnrgp-shard-00-00.0mxktmv.mongodb.net:27017 to client view of cluster
2025-09-10T11:31:44.672-05:00  WARN 29868 --- [dashboard_gk] [           main] o.s.data.convert.CustomConversions       : Registering converter from interface java.util.List to interface org.springframework.data.domain.Vector as reading converter although it doesn't convert from a store-supported type; You might want to check your annotation setup at the converter implementation
2025-09-10T11:31:44.871-05:00  WARN 29868 --- [dashboard_gk] [           main] o.s.data.convert.CustomConversions       : Registering converter from interface java.util.List to interface org.springframework.data.domain.Vector as reading converter although it doesn't convert from a store-supported type; You might want to check your annotation setup at the converter implementation
2025-09-10T11:31:44.969-05:00  INFO 29868 --- [dashboard_gk] [           main] org.mongodb.driver.cluster               : Waiting for server to become available for operation with ID 5. Remaining time: 29994 ms. Selector: WritableServerSelector, topology description: {type=REPLICA_SET, servers=[{address=ac-4kmnrgp-shard-00-00.0mxktmv.mongodb.net:27017, type=UNKNOWN, state=CONNECTING}, {address=ac-4kmnrgp-shard-00-02.0mxktmv.mongodb.net:27017, type=UNKNOWN, state=CONNECTING}, {address=ac-4kmnrgp-shard-00-01.0mxktmv.mongodb.net:27017, type=UNKNOWN, state=CONNECTING}].
2025-09-10T11:31:45.338-05:00  INFO 29868 --- [dashboard_gk] [ngodb.net:27017] org.mongodb.driver.cluster               : Monitor thread successfully connected to server with description ServerDescription{address=ac-4kmnrgp-shard-00-01.0mxktmv.mongodb.net:27017, type=REPLICA_SET_SECONDARY, cryptd=false, state=CONNECTED, ok=true, minWireVersion=0, maxWireVersion=25, maxDocumentSize=16777216, logicalSessionTimeoutMinutes=30, roundTripTimeNanos=313614700, minRoundTripTimeNanos=0, setName='atlas-118zri-shard-0', canonicalAddress=ac-4kmnrgp-shard-00-01.0mxktmv.mongodb.net:27017, hosts=[ac-4kmnrgp-shard-00-00.0mxktmv.mongodb.net:27017, ac-4kmnrgp-shard-00-01.0mxktmv.mongodb.net:27017, ac-4kmnrgp-shard-00-02.0mxktmv.mongodb.net:27017], passives=[], arbiters=[], primary='ac-4kmnrgp-shard-00-02.0mxktmv.mongodb.net:27017', tagSet=TagSet{[Tag{name='availabilityZone', value='use1-az6'}, Tag{name='diskState', value='READY'}, Tag{name='nodeType', value='ELECTABLE'}, Tag{name='provider', value='AWS'}, Tag{name='region', value='US_EAST_1'}, Tag{name='workloadType', value='OPERATIONAL'}]}, electionId=null, setVersion=186, topologyVersion=TopologyVersion{processId=68b09fe4edef07ad7f4e3dbe, counter=3}, lastWriteDate=Wed Sep 10 11:31:43 COT 2025, lastUpdateTimeNanos=182948113109300}
2025-09-10T11:31:45.338-05:00  INFO 29868 --- [dashboard_gk] [ngodb.net:27017] org.mongodb.driver.cluster               : Monitor thread successfully connected to server with description ServerDescription{address=ac-4kmnrgp-shard-00-02.0mxktmv.mongodb.net:27017, type=REPLICA_SET_PRIMARY, cryptd=false, state=CONNECTED, ok=true, minWireVersion=0, maxWireVersion=25, maxDocumentSize=16777216, logicalSessionTimeoutMinutes=30, roundTripTimeNanos=344570700, minRoundTripTimeNanos=0, setName='atlas-118zri-shard-0', canonicalAddress=ac-4kmnrgp-shard-00-02.0mxktmv.mongodb.net:27017, hosts=[ac-4kmnrgp-shard-00-00.0mxktmv.mongodb.net:27017, ac-4kmnrgp-shard-00-01.0mxktmv.mongodb.net:27017, ac-4kmnrgp-shard-00-02.0mxktmv.mongodb.net:27017], passives=[], arbiters=[], primary='ac-4kmnrgp-shard-00-02.0mxktmv.mongodb.net:27017', tagSet=TagSet{[Tag{name='availabilityZone', value='use1-az5'}, Tag{name='diskState', value='READY'}, Tag{name='nodeType', value='ELECTABLE'}, Tag{name='provider', value='AWS'}, Tag{name='region', value='US_EAST_1'}, Tag{name='workloadType', value='OPERATIONAL'}]}, electionId=7fffffff000000000000091c, setVersion=186, topologyVersion=TopologyVersion{processId=68b09f98f6c5de4583f366ab, counter=6}, lastWriteDate=Wed Sep 10 11:31:43 COT 2025, lastUpdateTimeNanos=182948113109300}
2025-09-10T11:31:45.341-05:00  INFO 29868 --- [dashboard_gk] [ngodb.net:27017] org.mongodb.driver.cluster               : Discovered replica set primary ac-4kmnrgp-shard-00-02.0mxktmv.mongodb.net:27017 with max election id 7fffffff000000000000091c and max set version 186
2025-09-10T11:31:46.133-05:00  WARN 29868 --- [dashboard_gk] [           main] .s.s.UserDetailsServiceAutoConfiguration : 

Using generated security password: b07c88d2-1814-4424-be1d-f4bb5c57d65a

This generated password is for development use only. Your security configuration must be updated before running your application in production.

2025-09-10T11:31:46.142-05:00  INFO 29868 --- [dashboard_gk] [           main] r$InitializeUserDetailsManagerConfigurer : Global AuthenticationManager configured with UserDetailsService bean with name inMemoryUserDetailsManager
2025-09-10T11:31:46.492-05:00  INFO 29868 --- [dashboard_gk] [ngodb.net:27017] org.mongodb.driver.cluster               : Monitor thread successfully connected to server with description ServerDescription{address=ac-4kmnrgp-shard-00-00.0mxktmv.mongodb.net:27017, type=REPLICA_SET_SECONDARY, cryptd=false, state=CONNECTED, ok=true, minWireVersion=0, maxWireVersion=25, maxDocumentSize=16777216, logicalSessionTimeoutMinutes=30, roundTripTimeNanos=384806700, minRoundTripTimeNanos=0, setName='atlas-118zri-shard-0', canonicalAddress=ac-4kmnrgp-shard-00-00.0mxktmv.mongodb.net:27017, hosts=[ac-4kmnrgp-shard-00-00.0mxktmv.mongodb.net:27017, ac-4kmnrgp-shard-00-01.0mxktmv.mongodb.net:27017, ac-4kmnrgp-shard-00-02.0mxktmv.mongodb.net:27017], passives=[], arbiters=[], primary='ac-4kmnrgp-shard-00-02.0mxktmv.mongodb.net:27017', tagSet=TagSet{[Tag{name='availabilityZone', value='use1-az4'}, Tag{name='diskState', value='READY'}, Tag{name='nodeType', value='ELECTABLE'}, Tag{name='provider', value='AWS'}, Tag{name='region', value='US_EAST_1'}, Tag{name='workloadType', value='OPERATIONAL'}]}, electionId=null, setVersion=186, topologyVersion=TopologyVersion{processId=68b09f4cc49e2da90ed0ee76, counter=4}, lastWriteDate=Wed Sep 10 11:31:45 COT 2025, lastUpdateTimeNanos=182949269016700}
2025-09-10T11:31:46.962-05:00  INFO 29868 --- [dashboard_gk] [           main] c.d.d.DashboardGKApplicationTests        : Started DashboardGKApplicationTests in 4.455 seconds (process running for 5.851)
]]></system-out>
  </testcase>
</testsuite>